<?xml version="1.0" encoding="UTF-8"?>
<testng-results ignored="0" total="1" passed="1" failed="0" skipped="0">
  <reporter-output>
  </reporter-output>
  <suite started-at="2024-12-22T17:06:09 IST" name="Suite" finished-at="2024-12-22T17:06:59 IST" duration-ms="49661">
    <groups>
    </groups>
    <test started-at="2024-12-22T17:06:09 IST" name="Test" finished-at="2024-12-22T17:06:59 IST" duration-ms="49661">
      <class name="Module1_Login_Test.SwagLabLoginTest">
        <test-method is-config="true" signature="openBrowser()[pri:0, instance:Module1_Login_Test.SwagLabLoginTest@6572421]" started-at="2024-12-22T17:06:09 IST" name="openBrowser" finished-at="2024-12-22T17:06:51 IST" duration-ms="41423" status="PASS">
          <reporter-output>
          </reporter-output>
        </test-method> <!-- openBrowser -->
        <test-method is-config="true" signature="loginToApp()[pri:0, instance:Module1_Login_Test.SwagLabLoginTest@6572421]" started-at="2024-12-22T17:06:51 IST" name="loginToApp" finished-at="2024-12-22T17:06:53 IST" duration-ms="2551" status="PASS">
          <reporter-output>
          </reporter-output>
        </test-method> <!-- loginToApp -->
        <test-method signature="verifyLogo()[pri:0, instance:Module1_Login_Test.SwagLabLoginTest@6572421]" started-at="2024-12-22T17:06:53 IST" name="verifyLogo" finished-at="2024-12-22T17:06:54 IST" duration-ms="783" status="PASS">
          <reporter-output>
          </reporter-output>
        </test-method> <!-- verifyLogo -->
        <test-method is-config="true" signature="logoutFromApp(org.testng.ITestResult)[pri:0, instance:Module1_Login_Test.SwagLabLoginTest@6572421]" started-at="2024-12-22T17:06:54 IST" name="logoutFromApp" finished-at="2024-12-22T17:06:58 IST" duration-ms="4205" status="PASS">
          <params>
            <param index="0">
              <value>
                <![CDATA[[TestResult name=verifyLogo status=SUCCESS method=SwagLabLoginTest.verifyLogo()[pri:0, instance:Module1_Login_Test.SwagLabLoginTest@6572421] output={null}]]]>
              </value>
            </param>
          </params>
          <reporter-output>
          </reporter-output>
        </test-method> <!-- logoutFromApp -->
        <test-method is-config="true" signature="closeBrowser()[pri:0, instance:Module1_Login_Test.SwagLabLoginTest@6572421]" started-at="2024-12-22T17:06:58 IST" name="closeBrowser" finished-at="2024-12-22T17:06:59 IST" duration-ms="588" status="PASS">
          <reporter-output>
          </reporter-output>
        </test-method> <!-- closeBrowser -->
      </class> <!-- Module1_Login_Test.SwagLabLoginTest -->
    </test> <!-- Test -->
  </suite> <!-- Suite -->
</testng-results>
